%!Adobe-FontList 1.24
%Locale:0x419

%BeginFont
Handler:DirectoryHandler
FontType:Type1
FontName:Untitled1
FamilyName:Untitled1
StyleName:Regular
FullName:Untitled1
MenuName:Untitled1
StyleBits:0
WritingScript:Roman
OutlineFileName:C:\VisualStudio\FlappyBird\Font\Font_FlappyBird.otf
DataFormat:sfntData
UsesStandardEncoding:yes
isCFF:yes
hasSVG:no
hasCOLR:no
VariableFontType:NonVariableFont
FileLength:4056
FileModTime:1735586817
WeightClass:400
WidthClass:5
AngleClass:0
NameArray:0,Mac,4,Untitled1
NameArray:0,Win,1,Untitled1
%EndFont

